2019-11-18 23:08:08,221 - DEBUG - Starting new HTTP connection (1): www.chronicle.co.zw:80
2019-11-18 23:08:17,740 - DEBUG - http://www.chronicle.co.zw:80 "GET / HTTP/1.1" 301 None
2019-11-18 23:08:17,745 - DEBUG - Starting new HTTPS connection (1): www.chronicle.co.zw:443
2019-11-18 23:08:20,040 - DEBUG - https://www.chronicle.co.zw:443 "GET / HTTP/1.1" 200 None
2019-11-18 23:08:20,250 - DEBUG - Starting new HTTP connection (1): www.chronicle.co.zw:80
2019-11-18 23:08:20,251 - DEBUG - Starting new HTTP connection (1): health.chronicle.co.zw:80
2019-11-18 23:08:20,253 - DEBUG - Starting new HTTP connection (1): www.chronicle.co.zw:80
2019-11-18 23:08:20,256 - DEBUG - Starting new HTTPS connection (1): www.chronicle.co.zw:443
2019-11-18 23:08:20,257 - DEBUG - Starting new HTTP connection (1): www.chronicle.co.zw:80
2019-11-18 23:08:20,503 - DEBUG - http://www.chronicle.co.zw:80 "GET / HTTP/1.1" 301 None
2019-11-18 23:08:20,508 - DEBUG - Starting new HTTPS connection (1): www.chronicle.co.zw:443
2019-11-18 23:08:20,519 - DEBUG - http://www.chronicle.co.zw:80 "GET /copyright HTTP/1.1" 301 None
2019-11-18 23:08:20,527 - DEBUG - http://www.chronicle.co.zw:80 "GET /disclaimer HTTP/1.1" 301 None
2019-11-18 23:08:21,257 - DEBUG - http://www.chronicle.co.zw:80 "GET /disclaimer/ HTTP/1.1" 301 None
2019-11-18 23:08:21,257 - DEBUG - http://www.chronicle.co.zw:80 "GET /copyright/ HTTP/1.1" 301 None
2019-11-18 23:08:21,260 - DEBUG - http://health.chronicle.co.zw:80 "GET / HTTP/1.1" 200 9264
2019-11-18 23:08:21,269 - DEBUG - Starting new HTTPS connection (1): www.chronicle.co.zw:443
2019-11-18 23:08:21,269 - DEBUG - Starting new HTTPS connection (1): www.chronicle.co.zw:443
2019-11-18 23:08:22,616 - DEBUG - https://www.chronicle.co.zw:443 "GET / HTTP/1.1" 200 None
2019-11-18 23:08:23,753 - DEBUG - https://www.chronicle.co.zw:443 "GET /disclaimer/ HTTP/1.1" 200 None
2019-11-18 23:08:24,527 - DEBUG - https://www.chronicle.co.zw:443 "GET /copyright/ HTTP/1.1" 200 None
2019-11-18 23:08:25,910 - DEBUG - https://www.chronicle.co.zw:443 "GET / HTTP/1.1" 200 None
2019-11-18 23:08:25,994 - DEBUG - We are extracting from 5 categories
2019-11-18 23:08:26,138 - DEBUG - Starting new HTTP connection (1): www.chronicle.co.zw:80
2019-11-18 23:08:26,138 - DEBUG - Starting new HTTP connection (1): www.chronicle.co.zw:80
2019-11-18 23:08:26,139 - DEBUG - Starting new HTTP connection (1): www.chronicle.co.zw:80
2019-11-18 23:08:27,361 - DEBUG - http://www.chronicle.co.zw:80 "GET /rss HTTP/1.1" 301 0
2019-11-18 23:08:27,489 - DEBUG - http://www.chronicle.co.zw:80 "GET /feeds HTTP/1.1" 301 None
2019-11-18 23:08:27,494 - DEBUG - Starting new HTTPS connection (1): www.chronicle.co.zw:443
2019-11-18 23:08:27,997 - DEBUG - http://www.chronicle.co.zw:80 "GET /feed HTTP/1.1" 301 0
2019-11-18 23:08:29,821 - DEBUG - http://www.chronicle.co.zw:80 "GET /feed/ HTTP/1.1" 301 0
2019-11-18 23:08:29,826 - DEBUG - Starting new HTTPS connection (1): www.chronicle.co.zw:443
2019-11-18 23:08:29,996 - DEBUG - http://www.chronicle.co.zw:80 "GET /feed/ HTTP/1.1" 301 0
2019-11-18 23:08:30,001 - DEBUG - Starting new HTTPS connection (1): www.chronicle.co.zw:443
2019-11-18 23:08:30,966 - DEBUG - https://www.chronicle.co.zw:443 "GET /feeds HTTP/1.1" 404 None
2019-11-18 23:08:30,992 - CRITICAL - [REQUEST FAILED] 404 Client Error: Not Found for url: https://www.chronicle.co.zw/feeds
2019-11-18 23:08:31,405 - DEBUG - https://www.chronicle.co.zw:443 "GET /feed/ HTTP/1.1" 200 4015
2019-11-18 23:08:32,603 - DEBUG - https://www.chronicle.co.zw:443 "GET /feed/ HTTP/1.1" 200 4015
2019-11-18 23:08:32,962 - DEBUG - 264->72->31 for http://www.chronicle.co.zw/
2019-11-18 23:08:32,970 - DEBUG - 62->0->0 for http://www.chronicle.co.zw/copyright
2019-11-18 23:08:33,114 - DEBUG - 264->72->0 for https://www.chronicle.co.zw
2019-11-18 23:08:33,124 - DEBUG - 62->0->0 for http://www.chronicle.co.zw/disclaimer
2019-11-18 23:08:33,139 - DEBUG - 84->37->9 for http://health.chronicle.co.zw
2019-11-18 23:08:33,140 - DEBUG - 40 articles generated and cutoff at 5000
2019-11-18 23:08:33,144 - DEBUG - Starting new HTTP connection (1): www.chronicle.co.zw:80
2019-11-18 23:08:34,546 - DEBUG - http://www.chronicle.co.zw:80 "GET / HTTP/1.1" 301 None
2019-11-18 23:08:34,551 - DEBUG - Starting new HTTPS connection (1): www.chronicle.co.zw:443
2019-11-18 23:08:34,887 - DEBUG - https://www.chronicle.co.zw:443 "GET / HTTP/1.1" 200 None
2019-11-18 23:08:35,462 - DEBUG - Starting new HTTPS connection (1): www.chronicle.co.zw:443
2019-11-18 23:08:39,262 - DEBUG - https://www.chronicle.co.zw:443 "GET /horror-crash-in-attempt-to-avoid-head-on-2-dead-on-the-spot/ HTTP/1.1" 200 None
2019-11-18 23:08:39,282 - DEBUG - Starting new HTTPS connection (1): www.chronicle.co.zw:443
2019-11-18 23:08:40,643 - DEBUG - https://www.chronicle.co.zw:443 "GET /brave-soldiers-salvage-goods-from-burning-bus/ HTTP/1.1" 200 None
2019-11-18 23:08:40,728 - DEBUG - Starting new HTTPS connection (1): www.chronicle.co.zw:443
2019-11-18 23:08:43,733 - DEBUG - https://www.chronicle.co.zw:443 "GET /zacc-takes-corruption-chase-beyond-the-grave/ HTTP/1.1" 200 None
2019-11-18 23:08:43,763 - DEBUG - Starting new HTTPS connection (1): www.chronicle.co.zw:443
2019-11-18 23:08:44,188 - DEBUG - https://www.chronicle.co.zw:443 "GET /high-court-rules-rtgs-legal-tender/ HTTP/1.1" 200 None
2019-11-18 23:08:44,208 - DEBUG - Starting new HTTPS connection (1): www.chronicle.co.zw:443
2019-11-18 23:08:44,908 - DEBUG - https://www.chronicle.co.zw:443 "GET /british-troops-may-be-investigated-over-alleged-war-crimes/ HTTP/1.1" 200 None
2019-11-18 23:08:44,913 - DEBUG - Starting new HTTPS connection (1): www.chronicle.co.zw:443
2019-11-18 23:08:45,053 - DEBUG - https://www.chronicle.co.zw:443 "GET /caps-falter-surrender-two-goal-advantage/ HTTP/1.1" 200 None
2019-11-18 23:08:45,073 - DEBUG - Starting new HTTPS connection (1): www.chronicle.co.zw:443
2019-11-18 23:08:45,248 - DEBUG - https://www.chronicle.co.zw:443 "GET /bolamba-headline-signature-bars-first-anniversary/ HTTP/1.1" 200 None
2019-11-18 23:08:45,278 - DEBUG - Starting new HTTPS connection (1): www.chronicle.co.zw:443
2019-11-18 23:08:46,587 - DEBUG - https://www.chronicle.co.zw:443 "GET /cassava-unveils-diaspora-agric-finance-plan/ HTTP/1.1" 200 None
2019-11-18 23:08:46,622 - DEBUG - Starting new HTTPS connection (1): www.chronicle.co.zw:443
2019-11-18 23:08:46,977 - DEBUG - https://www.chronicle.co.zw:443 "GET /editorial-comment-mopa-will-make-conveners-of-protests-think-twice-before-unleashing-mayhem/ HTTP/1.1" 200 None
2019-11-18 23:08:47,092 - DEBUG - Starting new HTTPS connection (1): www.chronicle.co.zw:443
2019-11-18 23:08:47,249 - DEBUG - https://www.chronicle.co.zw:443 "GET /british-troops-may-be-investigated-over-alleged-war-crimes/ HTTP/1.1" 200 None
2019-11-18 23:08:47,582 - DEBUG - Starting new HTTPS connection (1): www.chronicle.co.zw:443
2019-11-18 23:08:47,722 - DEBUG - https://www.chronicle.co.zw:443 "GET /hong-kong-protesters-try-to-free-campus-allies/ HTTP/1.1" 200 None
2019-11-18 23:08:47,732 - DEBUG - Starting new HTTPS connection (1): www.chronicle.co.zw:443
2019-11-18 23:08:48,352 - DEBUG - https://www.chronicle.co.zw:443 "GET /hong-kong-protesters-try-to-free-campus-allies/ HTTP/1.1" 200 None
2019-11-18 23:08:48,362 - DEBUG - Starting new HTTPS connection (1): www.chronicle.co.zw:443
2019-11-18 23:08:49,112 - DEBUG - https://www.chronicle.co.zw:443 "GET /four-killed-in-california-backyard-shooting/ HTTP/1.1" 200 None
2019-11-18 23:08:49,167 - DEBUG - Starting new HTTPS connection (1): www.chronicle.co.zw:443
2019-11-18 23:08:49,335 - DEBUG - https://www.chronicle.co.zw:443 "GET /four-killed-in-california-backyard-shooting/ HTTP/1.1" 200 None
2019-11-18 23:08:49,372 - DEBUG - Starting new HTTPS connection (1): www.chronicle.co.zw:443
2019-11-18 23:08:49,788 - DEBUG - https://www.chronicle.co.zw:443 "GET /unions-threaten-to-ground-sas-aviation-industry/ HTTP/1.1" 200 None
2019-11-18 23:08:49,833 - DEBUG - Starting new HTTPS connection (1): www.chronicle.co.zw:443
2019-11-18 23:08:51,248 - DEBUG - https://www.chronicle.co.zw:443 "GET /unions-threaten-to-ground-sas-aviation-industry/ HTTP/1.1" 200 None
2019-11-18 23:08:51,293 - DEBUG - Starting new HTTPS connection (1): www.chronicle.co.zw:443
2019-11-18 23:08:52,142 - DEBUG - https://www.chronicle.co.zw:443 "GET /trump-might-be-willing-to-testify-in-impeachment-inquiry/ HTTP/1.1" 200 None
2019-11-18 23:08:52,297 - DEBUG - Starting new HTTPS connection (1): www.chronicle.co.zw:443
2019-11-18 23:08:54,357 - DEBUG - https://www.chronicle.co.zw:443 "GET /trump-might-be-willing-to-testify-in-impeachment-inquiry/ HTTP/1.1" 200 None
2019-11-18 23:08:54,427 - DEBUG - Starting new HTTPS connection (1): www.chronicle.co.zw:443
2019-11-18 23:08:56,177 - DEBUG - https://www.chronicle.co.zw:443 "GET /caps-falter-surrender-two-goal-advantage/ HTTP/1.1" 200 None
2019-11-18 23:08:56,699 - DEBUG - Starting new HTTPS connection (1): www.chronicle.co.zw:443
2019-11-18 23:08:57,710 - DEBUG - https://www.chronicle.co.zw:443 "GET /bolamba-headline-signature-bars-first-anniversary/ HTTP/1.1" 200 None
2019-11-18 23:08:57,835 - DEBUG - Starting new HTTPS connection (1): www.chronicle.co.zw:443
2019-11-18 23:08:58,968 - DEBUG - https://www.chronicle.co.zw:443 "GET /cassava-unveils-diaspora-agric-finance-plan/ HTTP/1.1" 200 None
2019-11-18 23:08:58,978 - DEBUG - Starting new HTTPS connection (1): www.chronicle.co.zw:443
2019-11-18 23:08:59,321 - DEBUG - https://www.chronicle.co.zw:443 "GET /editorial-comment-mopa-will-make-conveners-of-protests-think-twice-before-unleashing-mayhem/ HTTP/1.1" 200 None
2019-11-18 23:08:59,802 - DEBUG - Starting new HTTPS connection (1): www.chronicle.co.zw:443
2019-11-18 23:09:01,751 - DEBUG - https://www.chronicle.co.zw:443 "GET /horror-crash-in-attempt-to-avoid-head-on-2-dead-on-the-spot/ HTTP/1.1" 200 None
2019-11-18 23:09:01,761 - DEBUG - Starting new HTTPS connection (1): www.chronicle.co.zw:443
2019-11-18 23:09:02,487 - DEBUG - https://www.chronicle.co.zw:443 "GET /brave-soldiers-salvage-goods-from-burning-bus/ HTTP/1.1" 200 None
2019-11-18 23:09:02,507 - DEBUG - Starting new HTTPS connection (1): www.chronicle.co.zw:443
2019-11-18 23:09:02,925 - DEBUG - https://www.chronicle.co.zw:443 "GET /leather-sector-sweats-over-price-instability/ HTTP/1.1" 200 None
2019-11-18 23:09:02,935 - DEBUG - Starting new HTTPS connection (1): www.chronicle.co.zw:443
2019-11-18 23:09:03,700 - DEBUG - https://www.chronicle.co.zw:443 "GET /leather-sector-sweats-over-price-instability/ HTTP/1.1" 200 None
2019-11-18 23:09:03,735 - DEBUG - Starting new HTTPS connection (1): www.chronicle.co.zw:443
2019-11-18 23:09:04,564 - DEBUG - https://www.chronicle.co.zw:443 "GET /minister-nyoni-clarifies-pre-budget-seminar-speech/ HTTP/1.1" 200 None
2019-11-18 23:09:04,712 - DEBUG - Starting new HTTPS connection (1): www.chronicle.co.zw:443
2019-11-18 23:09:04,822 - DEBUG - https://www.chronicle.co.zw:443 "GET /mtn-settles-8-1-billion-nigeria-case/ HTTP/1.1" 200 None
2019-11-18 23:09:04,832 - DEBUG - Starting new HTTPS connection (1): www.chronicle.co.zw:443
2019-11-18 23:09:04,945 - DEBUG - https://www.chronicle.co.zw:443 "GET /kabila-vows-peaceful-credible-drc-vote/ HTTP/1.1" 200 None
2019-11-18 23:09:05,031 - DEBUG - Starting new HTTPS connection (1): www.chronicle.co.zw:443
2019-11-18 23:09:05,274 - DEBUG - https://www.chronicle.co.zw:443 "GET /updated-sa-court-decriminalises-dagga-possession/ HTTP/1.1" 200 None
2019-11-18 23:09:05,875 - DEBUG - Starting new HTTPS connection (1): www.chronicle.co.zw:443
2019-11-18 23:09:07,031 - DEBUG - https://www.chronicle.co.zw:443 "GET /egypt-court-suspends-return-of-bearded-police/ HTTP/1.1" 200 None
2019-11-18 23:09:07,046 - DEBUG - Starting new HTTP connection (1): health.chronicle.co.zw:80
2019-11-18 23:09:07,771 - DEBUG - http://health.chronicle.co.zw:80 "GET /blood-bank-appeals-to-group-o-donors/ HTTP/1.1" 200 11813
2019-11-18 23:09:07,776 - DEBUG - Starting new HTTP connection (1): health.chronicle.co.zw:80
2019-11-18 23:09:08,506 - DEBUG - http://health.chronicle.co.zw:80 "GET /rbz-throws-mpilo-cancer-unit-lifeline/ HTTP/1.1" 200 12642
2019-11-18 23:09:08,511 - DEBUG - Starting new HTTP connection (1): health.chronicle.co.zw:80
2019-11-18 23:09:09,245 - DEBUG - http://health.chronicle.co.zw:80 "GET /100-hookers-truckers-test-for-hiv-stis/ HTTP/1.1" 200 12154
2019-11-18 23:09:09,255 - DEBUG - Starting new HTTP connection (1): health.chronicle.co.zw:80
2019-11-18 23:09:10,073 - DEBUG - http://health.chronicle.co.zw:80 "GET /depression-takes-major-toll-on-zim-workforce-2/ HTTP/1.1" 200 11979
2019-11-18 23:09:10,110 - DEBUG - Starting new HTTP connection (1): health.chronicle.co.zw:80
2019-11-18 23:09:11,236 - DEBUG - http://health.chronicle.co.zw:80 "GET /ekusileni-gets-green-light-to-shortlist-prospective-investors-2/ HTTP/1.1" 200 12863
2019-11-18 23:09:11,241 - DEBUG - Starting new HTTP connection (1): health.chronicle.co.zw:80
2019-11-18 23:09:11,972 - DEBUG - http://health.chronicle.co.zw:80 "GET /ekusileni-gets-green-light-to-shortlist-prospective-investors/ HTTP/1.1" 200 12945
2019-11-18 23:09:11,977 - DEBUG - Starting new HTTP connection (1): health.chronicle.co.zw:80
2019-11-18 23:09:13,963 - DEBUG - http://health.chronicle.co.zw:80 "GET /doctors-mull-retaliation-after-allowance-cut/ HTTP/1.1" 200 12544
2019-11-18 23:09:14,349 - DEBUG - Starting new HTTP connection (1): health.chronicle.co.zw:80
2019-11-18 23:09:15,877 - DEBUG - http://health.chronicle.co.zw:80 "GET /depression-takes-major-toll-on-zim-workforce/ HTTP/1.1" 200 11829
2019-11-18 23:09:15,883 - DEBUG - Starting new HTTP connection (1): health.chronicle.co.zw:80
2019-11-18 23:09:16,641 - DEBUG - http://health.chronicle.co.zw:80 "GET /category/news/ HTTP/1.1" 200 8930
2019-11-18 23:09:16,877 - DEBUG - News Source build and downloaded. url: http://www.chronicle.co.zw/
2019-11-18 23:09:16,880 - DEBUG - Starting new HTTPS connection (1): www.chronicle.co.zw:443
2019-11-18 23:09:18,008 - DEBUG - https://www.chronicle.co.zw:443 "GET /horror-crash-in-attempt-to-avoid-head-on-2-dead-on-the-spot/ HTTP/1.1" 200 None
2019-11-18 23:09:18,252 - DEBUG - Article #0 downloaded and parsed successfuly
2019-11-18 23:09:18,252 - DEBUG - article data added to news pool
2019-11-18 23:09:18,256 - DEBUG - Starting new HTTPS connection (1): www.chronicle.co.zw:443
2019-11-18 23:09:18,751 - DEBUG - https://www.chronicle.co.zw:443 "GET /brave-soldiers-salvage-goods-from-burning-bus/ HTTP/1.1" 200 None
2019-11-18 23:09:19,014 - DEBUG - Article #1 downloaded and parsed successfuly
2019-11-18 23:09:19,014 - DEBUG - article data added to news pool
2019-11-18 23:09:19,014 - DEBUG - Starting new HTTPS connection (1): www.chronicle.co.zw:443
2019-11-18 23:09:19,610 - DEBUG - https://www.chronicle.co.zw:443 "GET /zacc-takes-corruption-chase-beyond-the-grave/ HTTP/1.1" 200 None
2019-11-18 23:09:20,086 - DEBUG - Article #2 downloaded and parsed successfuly
2019-11-18 23:09:20,086 - DEBUG - article data added to news pool
2019-11-18 23:09:20,091 - DEBUG - Starting new HTTPS connection (1): www.chronicle.co.zw:443
2019-11-18 23:09:21,444 - DEBUG - https://www.chronicle.co.zw:443 "GET /high-court-rules-rtgs-legal-tender/ HTTP/1.1" 200 None
2019-11-18 23:09:21,693 - DEBUG - Article #3 downloaded and parsed successfuly
2019-11-18 23:09:21,693 - DEBUG - article data added to news pool
2019-11-18 23:09:21,693 - DEBUG - Starting new HTTPS connection (1): www.chronicle.co.zw:443
2019-11-18 23:09:22,054 - DEBUG - https://www.chronicle.co.zw:443 "GET /british-troops-may-be-investigated-over-alleged-war-crimes/ HTTP/1.1" 200 None
2019-11-18 23:09:22,281 - DEBUG - Article #4 downloaded and parsed successfuly
2019-11-18 23:09:22,281 - DEBUG - article data added to news pool
2019-11-18 23:09:22,286 - DEBUG - Starting new HTTPS connection (1): www.chronicle.co.zw:443
2019-11-18 23:09:22,416 - DEBUG - https://www.chronicle.co.zw:443 "GET /caps-falter-surrender-two-goal-advantage/ HTTP/1.1" 200 None
2019-11-18 23:09:22,701 - DEBUG - Article #5 downloaded and parsed successfuly
2019-11-18 23:09:22,701 - DEBUG - article data added to news pool
2019-11-18 23:09:22,701 - DEBUG - Starting new HTTPS connection (1): www.chronicle.co.zw:443
2019-11-18 23:09:23,712 - DEBUG - https://www.chronicle.co.zw:443 "GET /bolamba-headline-signature-bars-first-anniversary/ HTTP/1.1" 200 None
2019-11-18 23:09:23,950 - DEBUG - Article #6 downloaded and parsed successfuly
2019-11-18 23:09:23,950 - DEBUG - article data added to news pool
2019-11-18 23:09:23,955 - DEBUG - Starting new HTTPS connection (1): www.chronicle.co.zw:443
2019-11-18 23:09:24,397 - DEBUG - https://www.chronicle.co.zw:443 "GET /cassava-unveils-diaspora-agric-finance-plan/ HTTP/1.1" 200 None
2019-11-18 23:09:24,620 - DEBUG - Article #7 downloaded and parsed successfuly
2019-11-18 23:09:24,620 - DEBUG - article data added to news pool
2019-11-18 23:09:24,625 - DEBUG - Starting new HTTPS connection (1): www.chronicle.co.zw:443
2019-11-18 23:09:24,822 - DEBUG - https://www.chronicle.co.zw:443 "GET /editorial-comment-mopa-will-make-conveners-of-protests-think-twice-before-unleashing-mayhem/ HTTP/1.1" 200 None
2019-11-18 23:09:25,036 - DEBUG - Article #8 downloaded and parsed successfuly
2019-11-18 23:09:25,036 - DEBUG - article data added to news pool
2019-11-18 23:09:25,038 - DEBUG - Starting new HTTPS connection (1): www.chronicle.co.zw:443
2019-11-18 23:09:25,832 - DEBUG - https://www.chronicle.co.zw:443 "GET /british-troops-may-be-investigated-over-alleged-war-crimes/ HTTP/1.1" 200 None
2019-11-18 23:09:26,043 - DEBUG - Article #9 downloaded and parsed successfuly
2019-11-18 23:09:26,043 - DEBUG - article data added to news pool
2019-11-18 23:09:26,048 - DEBUG - Starting new HTTPS connection (1): www.chronicle.co.zw:443
2019-11-18 23:09:26,986 - DEBUG - https://www.chronicle.co.zw:443 "GET /hong-kong-protesters-try-to-free-campus-allies/ HTTP/1.1" 200 None
2019-11-18 23:09:27,270 - DEBUG - Article #10 downloaded and parsed successfuly
2019-11-18 23:09:27,270 - DEBUG - article data added to news pool
2019-11-18 23:09:27,273 - DEBUG - Starting new HTTPS connection (1): www.chronicle.co.zw:443
2019-11-18 23:09:27,508 - DEBUG - https://www.chronicle.co.zw:443 "GET /hong-kong-protesters-try-to-free-campus-allies/ HTTP/1.1" 200 None
2019-11-18 23:09:27,754 - DEBUG - Article #11 downloaded and parsed successfuly
2019-11-18 23:09:27,754 - DEBUG - article data added to news pool
2019-11-18 23:09:27,757 - DEBUG - Starting new HTTPS connection (1): www.chronicle.co.zw:443
2019-11-18 23:09:28,173 - DEBUG - https://www.chronicle.co.zw:443 "GET /four-killed-in-california-backyard-shooting/ HTTP/1.1" 200 None
2019-11-18 23:09:28,539 - DEBUG - Article #12 downloaded and parsed successfuly
2019-11-18 23:09:28,539 - DEBUG - article data added to news pool
2019-11-18 23:09:28,541 - DEBUG - Starting new HTTPS connection (1): www.chronicle.co.zw:443
2019-11-18 23:09:28,749 - DEBUG - https://www.chronicle.co.zw:443 "GET /four-killed-in-california-backyard-shooting/ HTTP/1.1" 200 None
2019-11-18 23:09:29,147 - DEBUG - Article #13 downloaded and parsed successfuly
2019-11-18 23:09:29,148 - DEBUG - article data added to news pool
2019-11-18 23:09:29,149 - DEBUG - Starting new HTTPS connection (1): www.chronicle.co.zw:443
2019-11-18 23:09:29,338 - DEBUG - https://www.chronicle.co.zw:443 "GET /unions-threaten-to-ground-sas-aviation-industry/ HTTP/1.1" 200 None
2019-11-18 23:09:29,600 - DEBUG - Article #14 downloaded and parsed successfuly
2019-11-18 23:09:29,600 - DEBUG - article data added to news pool
2019-11-18 23:09:29,600 - DEBUG - Starting new HTTPS connection (1): www.chronicle.co.zw:443
2019-11-18 23:09:29,730 - DEBUG - https://www.chronicle.co.zw:443 "GET /unions-threaten-to-ground-sas-aviation-industry/ HTTP/1.1" 200 None
2019-11-18 23:09:29,945 - DEBUG - Article #15 downloaded and parsed successfuly
2019-11-18 23:09:29,945 - DEBUG - article data added to news pool
2019-11-18 23:09:29,950 - DEBUG - Starting new HTTPS connection (1): www.chronicle.co.zw:443
2019-11-18 23:09:30,118 - DEBUG - https://www.chronicle.co.zw:443 "GET /trump-might-be-willing-to-testify-in-impeachment-inquiry/ HTTP/1.1" 200 None
2019-11-18 23:09:30,487 - DEBUG - Article #16 downloaded and parsed successfuly
2019-11-18 23:09:30,488 - DEBUG - article data added to news pool
2019-11-18 23:09:30,492 - DEBUG - Starting new HTTPS connection (1): www.chronicle.co.zw:443
2019-11-18 23:09:30,684 - DEBUG - https://www.chronicle.co.zw:443 "GET /trump-might-be-willing-to-testify-in-impeachment-inquiry/ HTTP/1.1" 200 None
2019-11-18 23:09:30,901 - DEBUG - Article #17 downloaded and parsed successfuly
2019-11-18 23:09:30,901 - DEBUG - article data added to news pool
2019-11-18 23:09:30,903 - DEBUG - Starting new HTTPS connection (1): www.chronicle.co.zw:443
2019-11-18 23:09:31,017 - DEBUG - https://www.chronicle.co.zw:443 "GET /caps-falter-surrender-two-goal-advantage/ HTTP/1.1" 200 None
2019-11-18 23:09:31,268 - DEBUG - Article #18 downloaded and parsed successfuly
2019-11-18 23:09:31,269 - DEBUG - article data added to news pool
2019-11-18 23:09:31,272 - DEBUG - Starting new HTTPS connection (1): www.chronicle.co.zw:443
2019-11-18 23:09:31,397 - DEBUG - https://www.chronicle.co.zw:443 "GET /bolamba-headline-signature-bars-first-anniversary/ HTTP/1.1" 200 None
2019-11-18 23:09:31,638 - DEBUG - Article #19 downloaded and parsed successfuly
2019-11-18 23:09:31,638 - DEBUG - article data added to news pool
2019-11-18 23:09:31,638 - DEBUG - Starting new HTTPS connection (1): www.chronicle.co.zw:443
2019-11-18 23:09:31,772 - DEBUG - https://www.chronicle.co.zw:443 "GET /cassava-unveils-diaspora-agric-finance-plan/ HTTP/1.1" 200 None
2019-11-18 23:09:31,984 - DEBUG - Article #20 downloaded and parsed successfuly
2019-11-18 23:09:31,984 - DEBUG - article data added to news pool
2019-11-18 23:09:31,989 - DEBUG - Starting new HTTPS connection (1): www.chronicle.co.zw:443
2019-11-18 23:09:32,804 - DEBUG - https://www.chronicle.co.zw:443 "GET /editorial-comment-mopa-will-make-conveners-of-protests-think-twice-before-unleashing-mayhem/ HTTP/1.1" 200 None
2019-11-18 23:09:33,106 - DEBUG - Article #21 downloaded and parsed successfuly
2019-11-18 23:09:33,106 - DEBUG - article data added to news pool
2019-11-18 23:09:33,108 - DEBUG - Starting new HTTPS connection (1): www.chronicle.co.zw:443
2019-11-18 23:09:33,250 - DEBUG - https://www.chronicle.co.zw:443 "GET /horror-crash-in-attempt-to-avoid-head-on-2-dead-on-the-spot/ HTTP/1.1" 200 None
2019-11-18 23:09:33,702 - DEBUG - Article #22 downloaded and parsed successfuly
2019-11-18 23:09:33,702 - DEBUG - article data added to news pool
2019-11-18 23:09:33,706 - DEBUG - Starting new HTTPS connection (1): www.chronicle.co.zw:443
2019-11-18 23:09:33,843 - DEBUG - https://www.chronicle.co.zw:443 "GET /brave-soldiers-salvage-goods-from-burning-bus/ HTTP/1.1" 200 None
2019-11-18 23:09:34,091 - DEBUG - Article #23 downloaded and parsed successfuly
2019-11-18 23:09:34,091 - DEBUG - article data added to news pool
2019-11-18 23:09:34,094 - DEBUG - Starting new HTTPS connection (1): www.chronicle.co.zw:443
2019-11-18 23:09:34,247 - DEBUG - https://www.chronicle.co.zw:443 "GET /leather-sector-sweats-over-price-instability/ HTTP/1.1" 200 None
2019-11-18 23:09:34,551 - DEBUG - Article #24 downloaded and parsed successfuly
2019-11-18 23:09:34,552 - DEBUG - article data added to news pool
2019-11-18 23:09:34,556 - DEBUG - Starting new HTTPS connection (1): www.chronicle.co.zw:443
2019-11-18 23:09:34,696 - DEBUG - https://www.chronicle.co.zw:443 "GET /leather-sector-sweats-over-price-instability/ HTTP/1.1" 200 None
2019-11-18 23:09:34,978 - DEBUG - Article #25 downloaded and parsed successfuly
2019-11-18 23:09:34,978 - DEBUG - article data added to news pool
2019-11-18 23:09:34,978 - DEBUG - Starting new HTTPS connection (1): www.chronicle.co.zw:443
2019-11-18 23:09:35,563 - DEBUG - https://www.chronicle.co.zw:443 "GET /minister-nyoni-clarifies-pre-budget-seminar-speech/ HTTP/1.1" 200 None
2019-11-18 23:09:36,091 - DEBUG - Article #26 downloaded and parsed successfuly
2019-11-18 23:09:36,098 - DEBUG - article data added to news pool
2019-11-18 23:09:36,100 - DEBUG - Starting new HTTPS connection (1): www.chronicle.co.zw:443
2019-11-18 23:09:36,823 - DEBUG - https://www.chronicle.co.zw:443 "GET /mtn-settles-8-1-billion-nigeria-case/ HTTP/1.1" 200 None
2019-11-18 23:09:37,097 - DEBUG - Article #27 downloaded and parsed successfuly
2019-11-18 23:09:37,098 - DEBUG - article data added to news pool
2019-11-18 23:09:37,100 - DEBUG - Starting new HTTPS connection (1): www.chronicle.co.zw:443
2019-11-18 23:09:37,338 - DEBUG - https://www.chronicle.co.zw:443 "GET /kabila-vows-peaceful-credible-drc-vote/ HTTP/1.1" 200 None
2019-11-18 23:09:37,661 - DEBUG - Article #28 downloaded and parsed successfuly
2019-11-18 23:09:37,661 - DEBUG - article data added to news pool
2019-11-18 23:09:37,664 - DEBUG - Starting new HTTPS connection (1): www.chronicle.co.zw:443
2019-11-18 23:09:37,801 - DEBUG - https://www.chronicle.co.zw:443 "GET /updated-sa-court-decriminalises-dagga-possession/ HTTP/1.1" 200 None
2019-11-18 23:09:38,091 - DEBUG - Article #29 downloaded and parsed successfuly
2019-11-18 23:09:38,091 - DEBUG - article data added to news pool
2019-11-18 23:09:38,095 - DEBUG - Starting new HTTPS connection (1): www.chronicle.co.zw:443
2019-11-18 23:09:38,319 - DEBUG - https://www.chronicle.co.zw:443 "GET /egypt-court-suspends-return-of-bearded-police/ HTTP/1.1" 200 None
2019-11-18 23:09:38,657 - DEBUG - Article #30 downloaded and parsed successfuly
2019-11-18 23:09:38,657 - DEBUG - article data added to news pool
2019-11-18 23:09:38,660 - DEBUG - Starting new HTTP connection (1): health.chronicle.co.zw:80
2019-11-18 23:09:39,480 - DEBUG - http://health.chronicle.co.zw:80 "GET /blood-bank-appeals-to-group-o-donors/ HTTP/1.1" 200 11813
2019-11-18 23:09:39,673 - DEBUG - Article #31 downloaded and parsed successfuly
2019-11-18 23:09:39,674 - DEBUG - article data added to news pool
2019-11-18 23:09:39,675 - DEBUG - Starting new HTTP connection (1): health.chronicle.co.zw:80
2019-11-18 23:09:40,553 - DEBUG - http://health.chronicle.co.zw:80 "GET /rbz-throws-mpilo-cancer-unit-lifeline/ HTTP/1.1" 200 12508
2019-11-18 23:09:40,768 - DEBUG - Article #32 downloaded and parsed successfuly
2019-11-18 23:09:40,769 - DEBUG - article data added to news pool
2019-11-18 23:09:40,771 - DEBUG - Starting new HTTP connection (1): health.chronicle.co.zw:80
2019-11-18 23:09:41,634 - DEBUG - http://health.chronicle.co.zw:80 "GET /100-hookers-truckers-test-for-hiv-stis/ HTTP/1.1" 200 12154
2019-11-18 23:09:41,812 - DEBUG - Article #33 downloaded and parsed successfuly
2019-11-18 23:09:41,815 - DEBUG - article data added to news pool
2019-11-18 23:09:41,815 - DEBUG - Starting new HTTP connection (1): health.chronicle.co.zw:80
2019-11-18 23:09:42,629 - DEBUG - http://health.chronicle.co.zw:80 "GET /depression-takes-major-toll-on-zim-workforce-2/ HTTP/1.1" 200 11979
2019-11-18 23:09:42,853 - DEBUG - Article #34 downloaded and parsed successfuly
2019-11-18 23:09:42,853 - DEBUG - article data added to news pool
2019-11-18 23:09:42,856 - DEBUG - Starting new HTTP connection (1): health.chronicle.co.zw:80
2019-11-18 23:09:43,735 - DEBUG - http://health.chronicle.co.zw:80 "GET /ekusileni-gets-green-light-to-shortlist-prospective-investors-2/ HTTP/1.1" 200 13024
2019-11-18 23:09:44,144 - DEBUG - Article #35 downloaded and parsed successfuly
2019-11-18 23:09:44,144 - DEBUG - article data added to news pool
2019-11-18 23:09:44,144 - DEBUG - Starting new HTTP connection (1): health.chronicle.co.zw:80
2019-11-18 23:09:47,719 - DEBUG - http://health.chronicle.co.zw:80 "GET /ekusileni-gets-green-light-to-shortlist-prospective-investors/ HTTP/1.1" 200 12920
2019-11-18 23:09:48,026 - DEBUG - Article #36 downloaded and parsed successfuly
2019-11-18 23:09:48,027 - DEBUG - article data added to news pool
2019-11-18 23:09:48,029 - DEBUG - Starting new HTTP connection (1): health.chronicle.co.zw:80
2019-11-18 23:09:51,675 - DEBUG - http://health.chronicle.co.zw:80 "GET /doctors-mull-retaliation-after-allowance-cut/ HTTP/1.1" 200 12556
2019-11-18 23:09:53,574 - DEBUG - Article #37 downloaded and parsed successfuly
2019-11-18 23:09:53,574 - DEBUG - article data added to news pool
2019-11-18 23:09:53,579 - DEBUG - Starting new HTTP connection (1): health.chronicle.co.zw:80
2019-11-18 23:09:55,065 - DEBUG - http://health.chronicle.co.zw:80 "GET /depression-takes-major-toll-on-zim-workforce/ HTTP/1.1" 200 11818
2019-11-18 23:09:55,245 - DEBUG - Starting new HTTP connection (1): health.chronicle.co.zw:80
2019-11-18 23:09:55,497 - DEBUG - http://health.chronicle.co.zw:80 "GET /wp-content/uploads/2017/08/who.jpg HTTP/1.1" 200 9857
2019-11-18 23:09:55,522 - DEBUG - ignore dims http://health.chronicle.co.zw/wp-content/uploads/2017/08/who.jpg
2019-11-18 23:09:55,527 - DEBUG - Starting new HTTP connection (1): health.chronicle.co.zw:80
2019-11-18 23:09:56,217 - DEBUG - http://health.chronicle.co.zw:80 "GET /wp-content/uploads/2017/10/itai-rusike-390x220.jpg HTTP/1.1" 200 8867
2019-11-18 23:09:56,222 - DEBUG - Starting new HTTP connection (1): health.chronicle.co.zw:80
2019-11-18 23:09:57,216 - DEBUG - http://health.chronicle.co.zw:80 "GET /wp-content/uploads/2017/10/Dr-Solwayo-Ngwenya-1-June-17-390x220.jpg HTTP/1.1" 200 16305
2019-11-18 23:09:57,250 - DEBUG - Starting new HTTP connection (1): 0.gravatar.com:80
2019-11-18 23:09:57,952 - DEBUG - http://0.gravatar.com:80 "GET /avatar/90c2421449e5aae35f7482e1e67f28a6?s=140&d=mm&r=g HTTP/1.1" 200 2094
2019-11-18 23:09:57,952 - DEBUG - Starting new HTTP connection (1): health.chronicle.co.zw:80
2019-11-18 23:09:58,239 - DEBUG - http://health.chronicle.co.zw:80 "GET /wp-content/uploads/2017/08/Artboard-1.png HTTP/1.1" 200 8311
2019-11-18 23:09:58,240 - DEBUG - STREAM b'IHDR' 16 13
2019-11-18 23:09:58,240 - DEBUG - STREAM b'pHYs' 41 9
2019-11-18 23:09:58,241 - DEBUG - STREAM b'IDAT' 62 8192
2019-11-18 23:09:58,247 - DEBUG - ignore dims http://health.chronicle.co.zw/wp-content/uploads/2017/08/Artboard-1.png
2019-11-18 23:09:58,247 - DEBUG - using max img http://health.chronicle.co.zw/wp-content/uploads/2017/10/itai-rusike-390x220.jpg
2019-11-18 23:09:58,251 - DEBUG - Starting new HTTP connection (1): health.chronicle.co.zw:80
2019-11-18 23:09:58,322 - DEBUG - http://health.chronicle.co.zw:80 "GET /wp-content/uploads/2017/10/itai-rusike-390x220.jpg HTTP/1.1" 200 8867
2019-11-18 23:09:58,324 - DEBUG - Article #38 downloaded and parsed successfuly
2019-11-18 23:09:58,324 - DEBUG - article data added to news pool
2019-11-18 23:09:58,326 - DEBUG - Starting new HTTP connection (1): health.chronicle.co.zw:80
2019-11-18 23:09:59,029 - DEBUG - http://health.chronicle.co.zw:80 "GET /category/news/ HTTP/1.1" 200 8930
2019-11-18 23:09:59,248 - DEBUG - Starting new HTTP connection (1): health.chronicle.co.zw:80
2019-11-18 23:09:59,520 - DEBUG - http://health.chronicle.co.zw:80 "GET /wp-content/uploads/2017/10/depression-quotes-that-may-change-your-life-2-390x220.jpg HTTP/1.1" 200 10920
2019-11-18 23:09:59,525 - DEBUG - Starting new HTTP connection (1): health.chronicle.co.zw:80
2019-11-18 23:09:59,801 - DEBUG - http://health.chronicle.co.zw:80 "GET /wp-content/uploads/2017/10/Ekusileni-Medical-Centre-390x220.jpg HTTP/1.1" 200 19211
2019-11-18 23:09:59,806 - DEBUG - Starting new HTTP connection (1): health.chronicle.co.zw:80
2019-11-18 23:09:59,849 - DEBUG - http://health.chronicle.co.zw:80 "GET /wp-content/uploads/2017/08/Artboard-1.png HTTP/1.1" 200 8311
2019-11-18 23:09:59,854 - DEBUG - STREAM b'IHDR' 16 13
2019-11-18 23:09:59,854 - DEBUG - STREAM b'pHYs' 41 9
2019-11-18 23:09:59,854 - DEBUG - STREAM b'IDAT' 62 8192
2019-11-18 23:09:59,854 - DEBUG - ignore dims http://health.chronicle.co.zw/wp-content/uploads/2017/08/Artboard-1.png
2019-11-18 23:09:59,854 - DEBUG - Starting new HTTP connection (1): health.chronicle.co.zw:80
2019-11-18 23:10:00,147 - DEBUG - http://health.chronicle.co.zw:80 "GET /wp-content/uploads/2017/10/Metro-Blood-Bank-390x220.jpg HTTP/1.1" 200 20694
2019-11-18 23:10:00,152 - DEBUG - Starting new HTTP connection (1): health.chronicle.co.zw:80
2019-11-18 23:10:00,581 - DEBUG - http://health.chronicle.co.zw:80 "GET /wp-content/uploads/2017/10/grave-390x220.jpg HTTP/1.1" 200 22299
2019-11-18 23:10:00,582 - DEBUG - using max img http://health.chronicle.co.zw/wp-content/uploads/2017/10/depression-quotes-that-may-change-your-life-2-390x220.jpg
2019-11-18 23:10:00,592 - DEBUG - Starting new HTTP connection (1): health.chronicle.co.zw:80
2019-11-18 23:10:00,659 - DEBUG - http://health.chronicle.co.zw:80 "GET /wp-content/uploads/2017/10/depression-quotes-that-may-change-your-life-2-390x220.jpg HTTP/1.1" 200 10920
2019-11-18 23:10:00,664 - DEBUG - Article #39 downloaded and parsed successfuly
2019-11-18 23:10:00,664 - DEBUG - article data added to news pool
2019-11-18 23:10:00,664 - DEBUG - News main data pool created on success
