2019-11-19 00:59:59,305 - DEBUG - Starting new HTTPS connection (1): www.herald.co.zw:443
2019-11-19 01:00:01,620 - DEBUG - https://www.herald.co.zw:443 "GET / HTTP/1.1" 200 None
2019-11-19 01:00:01,773 - DEBUG - Starting new HTTPS connection (1): www.herald.co.zw:443
2019-11-19 01:00:01,778 - DEBUG - Starting new HTTPS connection (1): www.herald.co.zw:443
2019-11-19 01:00:01,787 - DEBUG - Starting new HTTPS connection (1): www.herald.co.zw:443
2019-11-19 01:00:01,788 - DEBUG - Starting new HTTPS connection (1): www.herald.co.zw:443
2019-11-19 01:00:01,996 - DEBUG - https://www.herald.co.zw:443 "GET / HTTP/1.1" 200 None
2019-11-19 01:00:02,096 - DEBUG - https://www.herald.co.zw:443 "GET / HTTP/1.1" 200 None
2019-11-19 01:00:02,124 - DEBUG - https://www.herald.co.zw:443 "GET /disclaimer HTTP/1.1" 200 None
2019-11-19 01:00:02,132 - DEBUG - https://www.herald.co.zw:443 "GET /copyright HTTP/1.1" 200 None
2019-11-19 01:00:03,287 - DEBUG - We are extracting from 4 categories
2019-11-19 01:00:03,322 - DEBUG - Starting new HTTPS connection (1): www.herald.co.zw:443
2019-11-19 01:00:03,322 - DEBUG - Starting new HTTPS connection (1): www.herald.co.zw:443
2019-11-19 01:00:03,322 - DEBUG - Starting new HTTPS connection (1): www.herald.co.zw:443
2019-11-19 01:00:04,122 - DEBUG - https://www.herald.co.zw:443 "GET /feed HTTP/1.1" 301 0
2019-11-19 01:00:04,122 - DEBUG - https://www.herald.co.zw:443 "GET /rss HTTP/1.1" 301 0
2019-11-19 01:00:04,179 - DEBUG - https://www.herald.co.zw:443 "GET /feeds HTTP/1.1" 404 None
2019-11-19 01:00:04,184 - CRITICAL - [REQUEST FAILED] 404 Client Error: Not Found for url: https://www.herald.co.zw/feeds
2019-11-19 01:00:04,224 - DEBUG - https://www.herald.co.zw:443 "GET /feed/ HTTP/1.1" 200 4142
2019-11-19 01:00:04,233 - DEBUG - https://www.herald.co.zw:443 "GET /feed/ HTTP/1.1" 200 4142
2019-11-19 01:00:04,309 - DEBUG - 274->45->2 for https://www.herald.co.zw
2019-11-19 01:00:04,314 - DEBUG - 64->0->0 for https://www.herald.co.zw/copyright
2019-11-19 01:00:04,347 - DEBUG - 274->45->0 for https://www.herald.co.zw
2019-11-19 01:00:04,347 - DEBUG - 64->0->0 for https://www.herald.co.zw/disclaimer
2019-11-19 01:00:04,347 - DEBUG - 2 articles generated and cutoff at 5000
2019-11-19 01:00:04,347 - DEBUG - Starting new HTTPS connection (1): www.herald.co.zw:443
2019-11-19 01:00:04,788 - DEBUG - https://www.herald.co.zw:443 "GET / HTTP/1.1" 200 None
2019-11-19 01:00:04,899 - DEBUG - Starting new HTTPS connection (1): www.herald.co.zw:443
2019-11-19 01:00:05,749 - DEBUG - https://www.herald.co.zw:443 "GET /reduced-bank-rate-to-stimulate-production/ HTTP/1.1" 200 None
2019-11-19 01:00:06,357 - DEBUG - Starting new HTTPS connection (1): www.herald.co.zw:443
2019-11-19 01:00:06,719 - DEBUG - https://www.herald.co.zw:443 "GET /first-lady-ready-to-support-the-vulnerable/ HTTP/1.1" 200 None
2019-11-19 01:00:06,774 - DEBUG - News Source build and downloaded. url: https://www.herald.co.zw
2019-11-19 01:00:06,779 - DEBUG - Starting new HTTPS connection (1): www.herald.co.zw:443
2019-11-19 01:00:10,431 - DEBUG - https://www.herald.co.zw:443 "GET /reduced-bank-rate-to-stimulate-production/ HTTP/1.1" 200 None
2019-11-19 01:00:10,840 - DEBUG - Article #0 downloaded and parsed successfuly
2019-11-19 01:00:10,929 - DEBUG - summary flag enabled. NLP summary obtained successfuly
2019-11-19 01:00:10,929 - DEBUG - article data with summary saved to news pool!
2019-11-19 01:00:10,929 - DEBUG - Starting new HTTPS connection (1): www.herald.co.zw:443
2019-11-19 01:00:19,112 - DEBUG - https://www.herald.co.zw:443 "GET /first-lady-ready-to-support-the-vulnerable/ HTTP/1.1" 200 None
2019-11-19 01:00:19,344 - DEBUG - Article #1 downloaded and parsed successfuly
2019-11-19 01:00:19,349 - DEBUG - summary flag enabled. NLP summary obtained successfuly
2019-11-19 01:00:19,349 - DEBUG - article data with summary saved to news pool!
2019-11-19 01:00:19,349 - DEBUG - News main data pool created on success
