2019-11-18 23:06:09,047 - DEBUG - Starting new HTTPS connection (1): www.techzim.co.zw:443
2019-11-18 23:06:10,905 - DEBUG - https://www.techzim.co.zw:443 "GET / HTTP/1.1" 200 17653
2019-11-18 23:06:11,641 - DEBUG - Starting new HTTPS connection (1): www.techzim.co.zw:443
2019-11-18 23:06:11,642 - DEBUG - Starting new HTTP connection (1): www.techzim.co.zw:80
2019-11-18 23:06:11,642 - DEBUG - Starting new HTTPS connection (1): answers.techzim.co.zw:443
2019-11-18 23:06:11,643 - DEBUG - Starting new HTTPS connection (1): www.techzim.co.zw:443
2019-11-18 23:06:11,643 - DEBUG - Starting new HTTPS connection (1): www.techzim.co.zw:443
2019-11-18 23:06:11,643 - DEBUG - Starting new HTTPS connection (1): www.techzim.co.zw:443
2019-11-18 23:06:12,542 - DEBUG - http://www.techzim.co.zw:80 "GET / HTTP/1.1" 301 234
2019-11-18 23:06:12,547 - DEBUG - Starting new HTTPS connection (1): www.techzim.co.zw:443
2019-11-18 23:06:12,736 - DEBUG - https://www.techzim.co.zw:443 "GET / HTTP/1.1" 200 17653
2019-11-18 23:06:12,760 - DEBUG - https://www.techzim.co.zw:443 "GET /marketplace HTTP/1.1" 301 246
2019-11-18 23:06:12,785 - DEBUG - https://www.techzim.co.zw:443 "GET / HTTP/1.1" 200 17653
2019-11-18 23:06:12,814 - DEBUG - https://www.techzim.co.zw:443 "GET /most-read HTTP/1.1" 200 22325
2019-11-18 23:06:12,824 - DEBUG - https://answers.techzim.co.zw:443 "GET / HTTP/1.1" 200 None
2019-11-18 23:06:12,990 - DEBUG - https://www.techzim.co.zw:443 "GET /marketplace/ HTTP/1.1" 301 231
2019-11-18 23:06:12,996 - DEBUG - Starting new HTTPS connection (1): techzim.market:443
2019-11-18 23:06:13,768 - DEBUG - https://www.techzim.co.zw:443 "GET / HTTP/1.1" 200 17653
2019-11-18 23:06:14,202 - DEBUG - https://techzim.market:443 "GET / HTTP/1.1" 200 14941
2019-11-18 23:06:14,292 - DEBUG - We are extracting from 6 categories
2019-11-18 23:06:15,030 - DEBUG - Starting new HTTPS connection (1): www.techzim.co.zw:443
2019-11-18 23:06:15,030 - DEBUG - Starting new HTTPS connection (1): www.techzim.co.zw:443
2019-11-18 23:06:15,031 - DEBUG - Starting new HTTPS connection (1): www.techzim.co.zw:443
2019-11-18 23:06:15,990 - DEBUG - https://www.techzim.co.zw:443 "GET /feed HTTP/1.1" 200 51461
2019-11-18 23:06:16,155 - DEBUG - https://www.techzim.co.zw:443 "GET /feeds HTTP/1.1" 200 15002
2019-11-18 23:06:16,405 - DEBUG - https://www.techzim.co.zw:443 "GET /rss HTTP/1.1" 301 0
2019-11-18 23:06:16,620 - DEBUG - https://www.techzim.co.zw:443 "GET /feed/ HTTP/1.1" 200 51461
2019-11-18 23:06:17,375 - DEBUG - 67->23->0 for https://www.techzim.co.zw/
2019-11-18 23:06:17,400 - DEBUG - 67->23->0 for https://www.techzim.co.zw
2019-11-18 23:06:17,435 - DEBUG - 178->46->0 for https://answers.techzim.co.zw
2019-11-18 23:06:17,450 - DEBUG - 67->23->0 for http://www.techzim.co.zw
2019-11-18 23:06:17,470 - DEBUG - 74->44->0 for https://www.techzim.co.zw/most-read
2019-11-18 23:06:17,485 - DEBUG - 36->5->0 for https://www.techzim.co.zw/marketplace
2019-11-18 23:06:17,485 - DEBUG - 0 articles generated and cutoff at 5000
2019-11-18 23:06:17,490 - DEBUG - Starting new HTTPS connection (1): www.techzim.co.zw:443
2019-11-18 23:06:18,694 - DEBUG - https://www.techzim.co.zw:443 "GET / HTTP/1.1" 200 17653
2019-11-18 23:06:18,814 - DEBUG - News Source build and downloaded. url: https://www.techzim.co.zw/
2019-11-18 23:06:18,814 - DEBUG - News main data pool created on success
